2020 Austrian Grand Prix - qualifying (2020-07-04)

#77 (<Valtteri Bottas (#1161)>) 1[1] 2000.0 2022.8
#44 (<Lewis Hamilton (#1140)>) 2[2] 2000.0 2020.4
#33 (<Max Verstappen (#1172)>) 3[3] 2000.0 2018.0
#4 (<Lando Norris (#1186)>) 4[4] 2000.0 2015.6
#23 (<Alexander Albon (#1187)>) 5[5] 2000.0 2013.2
#11 (<Sergio Pérez (#1155)>) 6[6] 2000.0 2010.8
#16 (<Charles Leclerc (#1184)>) 7[7] 2000.0 2008.4
#55 (<Carlos Sainz (#1170)>) 8[8] 2000.0 2006.0
#18 (<Lance Stroll (#1181)>) 9[9] 2000.0 2003.6
#3 (<Daniel Ricciardo (#1157)>) 10[10] 2000.0 2001.2
#5 (<Sebastian Vettel (#1135)>) 11[11] 2000.0 1998.8
#10 (<Pierre Gasly (#1182)>) 12[12] 2000.0 1996.4
#26 (<Daniil Kvyat (#1166)>) 13[13] 2000.0 1994.0
#31 (<Esteban Ocon (#1179)>) 14[14] 2000.0 1991.6
#8 (<Romain Grosjean (#1144)>) 15[15] 2000.0 1989.2
#20 (<Kevin Magnussen (#1165)>) 16[16] 2000.0 1986.8
#63 (<George Russell (#1188)>) 17[17] 2000.0 1984.4
#99 (<Antonio Giovinazzi (#1180)>) 18[18] 2000.0 1982.0
#7 (<Kimi Räikkönen (#1141)>) 19[19] 2000.0 1979.6
#6 (<Nicholas Latifi (#1189)>) 20[20] 2000.0 1977.2

Podium rating:  6000.0 6061.2
Average rating:  2000.0
Average rating change:  12.0

2020 Austrian Grand Prix (2020-07-05)

#77 (<Valtteri Bottas (#1161)>) 1[1] 2022.8 2134.59
#16 (<Charles Leclerc (#1184)>) 2[2] 2008.4 2101.48
#4 (<Lando Norris (#1186)>) 3[2] 2015.6 2106.03
#44 (<Lewis Hamilton (#1140)>) 4[3] 2020.4 2077.07
#55 (<Carlos Sainz (#1170)>) 5[3] 2006.0 2067.96
#11 (<Sergio Pérez (#1155)>) 6[4] 2010.8 2010.99
#10 (<Pierre Gasly (#1182)>) 7[4] 1996.4 1987.3
#31 (<Esteban Ocon (#1179)>) 8[4] 1991.6 1984.65
#99 (<Antonio Giovinazzi (#1180)>) 9[4] 1982.0 1979.34
#5 (<Sebastian Vettel (#1135)>) 10[5] 1998.8 1928.62
#6 (<Nicholas Latifi (#1189)>) 11[6] 1977.2 1892.68
#26 (<Daniil Kvyat (#1166)>) 12[7] 1994.0 1877.97
#23 (<Alexander Albon (#1187)>) 13[8] 2013.2 1888.51
#7 (<Kimi Räikkönen (#1141)>) R[0] 1979.6 1979.6
#63 (<George Russell (#1188)>) R[0] 1984.4 1984.4
#8 (<Romain Grosjean (#1144)>) R[0] 1989.2 1989.2
#20 (<Kevin Magnussen (#1165)>) R[0] 1986.8 1986.8
#18 (<Lance Stroll (#1181)>) R[0] 2003.6 2003.6
#3 (<Daniel Ricciardo (#1157)>) R[0] 2001.2 2001.2
#33 (<Max Verstappen (#1172)>) R[0] 2018.0 2018.0

Podium rating:  6046.8 6342.1
Average rating:  2000.0
Average rating change:  63.7115384615

2020 Styrian Grand Prix - qualifying (2020-07-11)

#44 (<Lewis Hamilton (#1140)>) 1[1] 2077.07 2091.63
#33 (<Max Verstappen (#1172)>) 2[2] 2018.0 2034.33
#55 (<Carlos Sainz (#1170)>) 3[3] 2067.96 2079.83
#77 (<Valtteri Bottas (#1161)>) 4[4] 2134.59 2141.32
#31 (<Esteban Ocon (#1179)>) 5[5] 1984.65 1998.9
#4 (<Lando Norris (#1186)>) 6[6] 2106.03 2110.22
#23 (<Alexander Albon (#1187)>) 7[7] 1888.51 1904.36
#10 (<Pierre Gasly (#1182)>) 8[8] 1987.3 1994.17
#3 (<Daniel Ricciardo (#1157)>) 9[9] 2001.2 2004.92
#5 (<Sebastian Vettel (#1135)>) 10[10] 1928.62 1934.68
#16 (<Charles Leclerc (#1184)>) 11[11] 2101.48 2095.51
#63 (<George Russell (#1188)>) 12[12] 1984.4 1981.87
#18 (<Lance Stroll (#1181)>) 13[13] 2003.6 1999.18
#26 (<Daniil Kvyat (#1166)>) 14[14] 1877.97 1877.67
#20 (<Kevin Magnussen (#1165)>) 15[15] 1986.8 1976.9
#7 (<Kimi Räikkönen (#1141)>) 16[16] 1979.6 1967.8
#11 (<Sergio Pérez (#1155)>) 17[17] 2010.99 1997.33
#6 (<Nicholas Latifi (#1189)>) 18[18] 1892.68 1881.87
#99 (<Antonio Giovinazzi (#1180)>) 19[19] 1979.34 1960.36
#8 (<Romain Grosjean (#1144)>) 20[20] 1989.2 1967.14

Podium rating:  6163.03 6205.79
Average rating:  1999.9995
Average rating change:  10.043

2020 Styrian Grand Prix (2020-07-12)

#44 (<Lewis Hamilton (#1140)>) 1[1] 2091.63 2225.55
#77 (<Valtteri Bottas (#1161)>) 2[2] 2141.32 2226.02
#33 (<Max Verstappen (#1172)>) 3[2] 2034.33 2175.93
#23 (<Alexander Albon (#1187)>) 4[3] 1904.36 2097.72
#4 (<Lando Norris (#1186)>) 5[3] 2110.22 2174.42
#11 (<Sergio Pérez (#1155)>) 6[4] 1997.33 2070.96
#18 (<Lance Stroll (#1181)>) 7[4] 1999.18 2071.6
#3 (<Daniel Ricciardo (#1157)>) 8[4] 2004.92 2075.42
#55 (<Carlos Sainz (#1170)>) 9[5] 2079.83 1996.09
#26 (<Daniil Kvyat (#1166)>) 10[5] 1877.67 1907.04
#7 (<Kimi Räikkönen (#1141)>) 11[5] 1967.8 1940.81
#20 (<Kevin Magnussen (#1165)>) 12[5] 1976.9 1943.96
#8 (<Romain Grosjean (#1144)>) 13[5] 1967.14 1940.58
#99 (<Antonio Giovinazzi (#1180)>) 14[5] 1960.36 1938.22
#10 (<Pierre Gasly (#1182)>) 15[5] 1994.17 1949.88
#63 (<George Russell (#1188)>) 16[6] 1981.87 1837.67
#6 (<Nicholas Latifi (#1189)>) 17[6] 1881.87 1800.77
#31 (<Esteban Ocon (#1179)>) R[0] 1998.9 1998.9
#16 (<Charles Leclerc (#1184)>) R[7] 2095.51 1855.38
#5 (<Sebastian Vettel (#1135)>) R[7] 1934.68 1773.08

Podium rating:  6267.28 6627.5
Average rating:  1999.9995
Average rating change:  90.9152631579

2020 Hungarian Grand Prix - qualifying (2020-07-18)

#44 (<Lewis Hamilton (#1140)>) 1[1] 2225.55 2232.53
#77 (<Valtteri Bottas (#1161)>) 2[2] 2226.02 2231.38
#18 (<Lance Stroll (#1181)>) 3[3] 2071.6 2082.81
#11 (<Sergio Pérez (#1155)>) 4[4] 2070.96 2080.61
#5 (<Sebastian Vettel (#1135)>) 5[5] 1773.08 1809.36
#16 (<Charles Leclerc (#1184)>) 6[6] 1855.38 1875.18
#33 (<Max Verstappen (#1172)>) 7[7] 2175.93 2172.99
#4 (<Lando Norris (#1186)>) 8[8] 2174.42 2169.95
#55 (<Carlos Sainz (#1170)>) 9[9] 1996.09 1999.21
#10 (<Pierre Gasly (#1182)>) 10[10] 1949.88 1953.83
#3 (<Daniel Ricciardo (#1157)>) 11[11] 2075.42 2069.62
#63 (<George Russell (#1188)>) 12[12] 1837.67 1844.14
#23 (<Alexander Albon (#1187)>) 13[13] 2097.72 2086.68
#31 (<Esteban Ocon (#1179)>) 14[14] 1998.9 1989.82
#6 (<Nicholas Latifi (#1189)>) 15[15] 1800.77 1802.14
#20 (<Kevin Magnussen (#1165)>) 16[16] 1943.96 1933.92
#26 (<Daniil Kvyat (#1166)>) 17[17] 1907.04 1897.11
#8 (<Romain Grosjean (#1144)>) 18[18] 1940.58 1925.97
#99 (<Antonio Giovinazzi (#1180)>) 19[19] 1938.22 1921.37
#7 (<Kimi Räikkönen (#1141)>) 20[20] 1940.81 1921.39

Podium rating:  6523.17 6546.72
Average rating:  2000.0
Average rating change:  10.4185

2020 Hungarian Grand Prix (2020-07-19)

#44 (<Lewis Hamilton (#1140)>) 1[1] 2232.53 2295.01
#33 (<Max Verstappen (#1172)>) 2[2] 2172.99 2234.65
#77 (<Valtteri Bottas (#1161)>) 3[2] 2231.38 2270.26
#18 (<Lance Stroll (#1181)>) 4[3] 2082.81 2155.37
#23 (<Alexander Albon (#1187)>) 5[3] 2086.68 2157.23
#5 (<Sebastian Vettel (#1135)>) 6[4] 1809.36 1878.41
#11 (<Sergio Pérez (#1155)>) 7[4] 2080.61 1994.32
#3 (<Daniel Ricciardo (#1157)>) 8[4] 2069.62 1989.13
#55 (<Carlos Sainz (#1170)>) 9[4] 1999.21 1951.9
#20 (<Kevin Magnussen (#1165)>) 10[4] 1933.92 1929.41
#16 (<Charles Leclerc (#1184)>) 11[4] 1875.18 1907.34
#26 (<Daniil Kvyat (#1166)>) 12[4] 1897.11 1915.9
#4 (<Lando Norris (#1186)>) 13[4] 2169.95 2040.91
#31 (<Esteban Ocon (#1179)>) 14[4] 1989.82 1948.71
#7 (<Kimi Räikkönen (#1141)>) 15[4] 1921.39 1924.91
#8 (<Romain Grosjean (#1144)>) 16[4] 1925.97 1926.57
#99 (<Antonio Giovinazzi (#1180)>) 17[4] 1921.37 1924.91
#63 (<George Russell (#1188)>) 18[4] 1844.14 1894.36
#6 (<Nicholas Latifi (#1189)>) 19[5] 1802.14 1706.89
#10 (<Pierre Gasly (#1182)>) R[0] 1953.83 1953.83

Podium rating:  6636.9 6799.92
Average rating:  2000.0005
Average rating change:  50.9478947368

2020 British Grand Prix - qualifying (2020-08-01)

#44 (<Lewis Hamilton (#1140)>) 1[1] 2295.01 2299.35
#77 (<Valtteri Bottas (#1161)>) 2[2] 2270.26 2273.75
#33 (<Max Verstappen (#1172)>) 3[3] 2234.65 2237.77
#16 (<Charles Leclerc (#1184)>) 4[4] 1907.34 1929.37
#4 (<Lando Norris (#1186)>) 5[5] 2040.91 2049.94
#18 (<Lance Stroll (#1181)>) 6[6] 2155.37 2156.28
#55 (<Carlos Sainz (#1170)>) 7[7] 1951.9 1963.44
#3 (<Daniel Ricciardo (#1157)>) 8[8] 1989.13 1995.49
#31 (<Esteban Ocon (#1179)>) 9[9] 1948.71 1955.69
#5 (<Sebastian Vettel (#1135)>) 10[10] 1878.41 1888.09
#10 (<Pierre Gasly (#1182)>) 11[11] 1953.83 1955.63
#23 (<Alexander Albon (#1187)>) 12[12] 2157.23 2144.45
#27 (<Nico Hülkenberg (#1148)>) 13[13] 2000.0 1993.56
#26 (<Daniil Kvyat (#1166)>) 14[14] 1915.9 1913.3
#63 (<George Russell (#1188)>) 15[15] 1894.36 1890.92
#20 (<Kevin Magnussen (#1165)>) 16[16] 1929.41 1921.02
#99 (<Antonio Giovinazzi (#1180)>) 17[17] 1924.91 1914.45
#7 (<Kimi Räikkönen (#1141)>) 18[18] 1924.91 1912.05
#8 (<Romain Grosjean (#1144)>) 19[19] 1926.57 1911.19
#6 (<Nicholas Latifi (#1189)>) 20[20] 1706.89 1699.95

Podium rating:  6799.92 6810.87
Average rating:  2000.285
Average rating change:  7.9285

2020 British Grand Prix (2020-08-02)

#44 (<Lewis Hamilton (#1140)>) 1[1] 2299.35 2340.57
#33 (<Max Verstappen (#1172)>) 2[2] 2237.77 2269.89
#16 (<Charles Leclerc (#1184)>) 3[2] 1929.37 2154.19
#3 (<Daniel Ricciardo (#1157)>) 4[3] 1995.49 2126.73
#4 (<Lando Norris (#1186)>) 5[3] 2049.94 2129.72
#31 (<Esteban Ocon (#1179)>) 6[4] 1955.69 2030.38
#10 (<Pierre Gasly (#1182)>) 7[4] 1955.63 2030.37
#23 (<Alexander Albon (#1187)>) 8[4] 2144.45 2102.33
#18 (<Lance Stroll (#1181)>) 9[4] 2156.28 2108.73
#5 (<Sebastian Vettel (#1135)>) 10[4] 1888.09 2008.66
#77 (<Valtteri Bottas (#1161)>) 11[5] 2273.75 2058.28
#63 (<George Russell (#1188)>) 12[5] 1890.92 1873.62
#55 (<Carlos Sainz (#1170)>) 13[5] 1963.44 1896.78
#99 (<Antonio Giovinazzi (#1180)>) 14[5] 1914.45 1881.43
#6 (<Nicholas Latifi (#1189)>) 15[5] 1699.95 1810.85
#8 (<Romain Grosjean (#1144)>) 16[5] 1911.19 1880.37
#7 (<Kimi Räikkönen (#1141)>) 17[6] 1912.05 1792.65
#27 (<Nico Hülkenberg (#1148)>) W[0] 1993.56 1993.56
#26 (<Daniil Kvyat (#1166)>) R[7] 1913.3 1757.06
#20 (<Kevin Magnussen (#1165)>) R[7] 1921.02 1759.54

Podium rating:  6466.49 6764.65
Average rating:  2000.2845
Average rating change:  93.6915789474

2020 70th Anniversary Grand Prix - qualifying (2020-08-08)

#77 (<Valtteri Bottas (#1161)>) 1[1] 2058.28 2072.28
#44 (<Lewis Hamilton (#1140)>) 2[2] 2340.57 2341.99
#27 (<Nico Hülkenberg (#1148)>) 3[3] 1993.56 2012.24
#33 (<Max Verstappen (#1172)>) 4[4] 2269.89 2269.17
#3 (<Daniel Ricciardo (#1157)>) 5[5] 2126.73 2130.02
#18 (<Lance Stroll (#1181)>) 6[6] 2108.73 2111.3
#10 (<Pierre Gasly (#1182)>) 7[7] 2030.37 2035.51
#16 (<Charles Leclerc (#1184)>) 8[8] 2154.19 2151.41
#23 (<Alexander Albon (#1187)>) 9[9] 2102.33 2100.42
#4 (<Lando Norris (#1186)>) 10[10] 2129.72 2124.87
#31 (<Esteban Ocon (#1179)>) 11[11] 2030.38 2029.12
#5 (<Sebastian Vettel (#1135)>) 12[12] 2008.66 2007.04
#55 (<Carlos Sainz (#1170)>) 13[13] 1896.78 1898.29
#8 (<Romain Grosjean (#1144)>) 14[14] 1880.37 1880.59
#63 (<George Russell (#1188)>) 15[15] 1873.62 1871.9
#26 (<Daniil Kvyat (#1166)>) 16[16] 1757.06 1759.24
#20 (<Kevin Magnussen (#1165)>) 17[17] 1759.54 1758.36
#6 (<Nicholas Latifi (#1189)>) 18[18] 1810.85 1804.32
#99 (<Antonio Giovinazzi (#1180)>) 19[19] 1881.43 1867.98
#7 (<Kimi Räikkönen (#1141)>) 20[20] 1792.65 1779.64

Podium rating:  6392.41 6426.51
Average rating:  2000.2855
Average rating change:  4.902

2020 70th Anniversary Grand Prix (2020-08-09)

#33 (<Max Verstappen (#1172)>) 1[1] 2269.17 2316.97
#44 (<Lewis Hamilton (#1140)>) 2[2] 2341.99 2347.17
#77 (<Valtteri Bottas (#1161)>) 3[2] 2072.28 2175.43
#16 (<Charles Leclerc (#1184)>) 4[3] 2151.41 2185.87
#23 (<Alexander Albon (#1187)>) 5[3] 2100.42 2157.91
#18 (<Lance Stroll (#1181)>) 6[4] 2111.3 2099.67
#27 (<Nico Hülkenberg (#1148)>) 7[4] 2012.24 2050.24
#31 (<Esteban Ocon (#1179)>) 8[4] 2029.12 2058.26
#4 (<Lando Norris (#1186)>) 9[4] 2124.87 2107.01
#26 (<Daniil Kvyat (#1166)>) 10[4] 1759.24 2018.74
#10 (<Pierre Gasly (#1182)>) 11[5] 2035.51 1985.33
#5 (<Sebastian Vettel (#1135)>) 12[5] 2007.04 1971.79
#55 (<Carlos Sainz (#1170)>) 13[5] 1898.29 1919.87
#3 (<Daniel Ricciardo (#1157)>) 14[6] 2130.02 1933.84
#7 (<Kimi Räikkönen (#1141)>) 15[6] 1779.64 1754.95
#8 (<Romain Grosjean (#1144)>) 16[6] 1880.59 1801.23
#99 (<Antonio Giovinazzi (#1180)>) 17[6] 1867.98 1796.33
#63 (<George Russell (#1188)>) 18[6] 1871.9 1797.87
#6 (<Nicholas Latifi (#1189)>) 19[6] 1804.32 1768.86
#20 (<Kevin Magnussen (#1165)>) R[0] 1758.36 1758.36

Podium rating:  6683.44 6839.57
Average rating:  2000.2845
Average rating change:  62.7678947368

2020 Spanish Grand Prix - qualifying (2020-08-15)

#44 (<Lewis Hamilton (#1140)>) 1[1] 2347.17 2350.42
#77 (<Valtteri Bottas (#1161)>) 2[2] 2175.43 2182.68
#33 (<Max Verstappen (#1172)>) 3[3] 2316.97 2317.76
#11 (<Sergio Pérez (#1155)>) 4[4] 1994.32 2010.49
#18 (<Lance Stroll (#1181)>) 5[5] 2099.67 2104.88
#23 (<Alexander Albon (#1187)>) 6[6] 2157.91 2158.72
#55 (<Carlos Sainz (#1170)>) 7[7] 1919.87 1934.04
#4 (<Lando Norris (#1186)>) 8[8] 2107.01 2106.25
#16 (<Charles Leclerc (#1184)>) 9[9] 2185.87 2179.88
#10 (<Pierre Gasly (#1182)>) 10[10] 1985.33 1987.73
#5 (<Sebastian Vettel (#1135)>) 11[11] 1971.79 1972.73
#26 (<Daniil Kvyat (#1166)>) 12[12] 2018.74 2014.81
#3 (<Daniel Ricciardo (#1157)>) 13[13] 1933.84 1932.64
#7 (<Kimi Räikkönen (#1141)>) 14[14] 1754.95 1762.76
#31 (<Esteban Ocon (#1179)>) 15[15] 2058.26 2044.88
#20 (<Kevin Magnussen (#1165)>) 16[16] 1758.36 1759.55
#8 (<Romain Grosjean (#1144)>) 17[17] 1801.23 1797.71
#63 (<George Russell (#1188)>) 18[18] 1797.87 1789.95
#6 (<Nicholas Latifi (#1189)>) 19[19] 1768.86 1759.76
#99 (<Antonio Giovinazzi (#1180)>) 20[20] 1796.33 1782.12

Podium rating:  6839.57 6850.86
Average rating:  1997.489
Average rating change:  6.0

2020 Spanish Grand Prix (2020-08-16)

#44 (<Lewis Hamilton (#1140)>) 1[1] 2350.42 2378.58
#33 (<Max Verstappen (#1172)>) 2[2] 2317.76 2329.1
#77 (<Valtteri Bottas (#1161)>) 3[2] 2182.68 2235.32
#18 (<Lance Stroll (#1181)>) 4[3] 2104.88 1998.63
#11 (<Sergio Pérez (#1155)>) 5[3] 2010.49 1953.09
#55 (<Carlos Sainz (#1170)>) 6[3] 1934.04 1930.95
#5 (<Sebastian Vettel (#1135)>) 7[3] 1972.73 1943.22
#23 (<Alexander Albon (#1187)>) 8[3] 2158.72 2028.81
#10 (<Pierre Gasly (#1182)>) 9[3] 1987.73 1948.07
#4 (<Lando Norris (#1186)>) 10[3] 2106.25 1999.35
#3 (<Daniel Ricciardo (#1157)>) 11[3] 1932.64 1930.51
#26 (<Daniil Kvyat (#1166)>) 12[3] 2014.81 1954.99
#31 (<Esteban Ocon (#1179)>) 13[3] 2044.88 1968.7
#7 (<Kimi Räikkönen (#1141)>) 14[3] 1762.76 1900.33
#20 (<Kevin Magnussen (#1165)>) 15[3] 1759.55 1899.19
#99 (<Antonio Giovinazzi (#1180)>) 16[3] 1782.12 1906.83
#63 (<George Russell (#1188)>) 17[3] 1789.95 1909.29
#6 (<Nicholas Latifi (#1189)>) 18[3] 1759.76 1899.26
#8 (<Romain Grosjean (#1144)>) 19[4] 1797.71 1655.64
#16 (<Charles Leclerc (#1184)>) R[0] 2179.88 2179.88

Podium rating:  6850.86 6943.0
Average rating:  1997.488
Average rating change:  79.2536842105
