Rankings for 2020-08-10
<Lewis Hamilton (#1140)>: 2347.66 (2020-08-09)
<Max Verstappen (#1172)>: 2317.78 (2020-08-09)
<Charles Leclerc (#1184)>: 2187.60 (2020-08-09)
<Valtteri Bottas (#1161)>: 2183.82 (2020-08-09)
<Alexander Albon (#1187)>: 2160.27 (2020-08-09)
<Lando Norris (#1186)>: 2109.05 (2020-08-09)
<Lance Stroll (#1181)>: 2101.88 (2020-08-09)
<Esteban Ocon (#1179)>: 2061.90 (2020-08-09)
<Nico Hülkenberg (#1148)>: 2054.27 (2020-08-09)
<Daniil Kvyat (#1166)>: 2034.13 (2020-08-09)
<Sergio Pérez (#1155)>: 1994.32 (2020-07-19)
<Pierre Gasly (#1182)>: 1988.84 (2020-08-09)
<Sebastian Vettel (#1135)>: 1975.95 (2020-08-09)
<Daniel Ricciardo (#1157)>: 1935.81 (2020-08-09)
<Carlos Sainz (#1170)>: 1931.42 (2020-08-09)
<George Russell (#1188)>: 1810.84 (2020-08-09)
<Antonio Giovinazzi (#1180)>: 1809.53 (2020-08-09)
<Romain Grosjean (#1144)>: 1788.28 (2020-08-09)
<Nicholas Latifi (#1189)>: 1787.75 (2020-08-09)
<Kimi Räikkönen (#1141)>: 1769.10 (2020-08-09)
<Kevin Magnussen (#1165)>: 1649.82 (2020-08-09)
